  ferriswheel.cpp
c:\users\ashutosh\source\repos\ferriswheel\ferriswheel\ferriswheel.cpp(19): warning C4305: 'initializing': truncation from 'double' to 'GLfloat'
c:\users\ashutosh\source\repos\ferriswheel\ferriswheel\ferriswheel.cpp(35): warning C4244: 'return': conversion from 'double' to 'float', possible loss of data
c:\users\ashutosh\source\repos\ferriswheel\ferriswheel\ferriswheel.cpp(62): warning C4305: 'argument': truncation from 'double' to 'GLfloat'
c:\users\ashutosh\source\repos\ferriswheel\ferriswheel\ferriswheel.cpp(66): warning C4305: '+=': truncation from 'double' to 'float'
c:\users\ashutosh\source\repos\ferriswheel\ferriswheel\ferriswheel.cpp(73): warning C4305: '+=': truncation from 'double' to 'float'
c:\users\ashutosh\source\repos\ferriswheel\ferriswheel\ferriswheel.cpp(82): warning C4305: '+=': truncation from 'double' to 'float'
c:\users\ashutosh\source\repos\ferriswheel\ferriswheel\ferriswheel.cpp(88): warning C4305: '+=': truncation from 'double' to 'float'
c:\users\ashutosh\source\repos\ferriswheel\ferriswheel\ferriswheel.cpp(92): warning C4244: 'argument': conversion from 'double' to 'float', possible loss of data
c:\users\ashutosh\source\repos\ferriswheel\ferriswheel\ferriswheel.cpp(93): warning C4244: 'argument': conversion from 'double' to 'float', possible loss of data
c:\users\ashutosh\source\repos\ferriswheel\ferriswheel\ferriswheel.cpp(98): warning C4305: '+=': truncation from 'double' to 'float'
c:\users\ashutosh\source\repos\ferriswheel\ferriswheel\ferriswheel.cpp(105): warning C4305: '+=': truncation from 'double' to 'float'
c:\users\ashutosh\source\repos\ferriswheel\ferriswheel\ferriswheel.cpp(112): warning C4305: '+=': truncation from 'double' to 'float'
c:\users\ashutosh\source\repos\ferriswheel\ferriswheel\ferriswheel.cpp(116): warning C4244: 'argument': conversion from 'double' to 'float', possible loss of data
c:\users\ashutosh\source\repos\ferriswheel\ferriswheel\ferriswheel.cpp(117): warning C4244: 'argument': conversion from 'double' to 'float', possible loss of data
c:\users\ashutosh\source\repos\ferriswheel\ferriswheel\ferriswheel.cpp(124): warning C4305: '+=': truncation from 'double' to 'float'
c:\users\ashutosh\source\repos\ferriswheel\ferriswheel\ferriswheel.cpp(128): warning C4244: 'argument': conversion from 'double' to 'float', possible loss of data
c:\users\ashutosh\source\repos\ferriswheel\ferriswheel\ferriswheel.cpp(129): warning C4244: 'argument': conversion from 'double' to 'float', possible loss of data
c:\users\ashutosh\source\repos\ferriswheel\ferriswheel\ferriswheel.cpp(134): warning C4305: '+=': truncation from 'double' to 'float'
c:\users\ashutosh\source\repos\ferriswheel\ferriswheel\ferriswheel.cpp(141): warning C4305: '+=': truncation from 'double' to 'float'
c:\users\ashutosh\source\repos\ferriswheel\ferriswheel\ferriswheel.cpp(148): warning C4305: '+=': truncation from 'double' to 'float'
c:\users\ashutosh\source\repos\ferriswheel\ferriswheel\ferriswheel.cpp(152): warning C4244: 'argument': conversion from 'double' to 'float', possible loss of data
c:\users\ashutosh\source\repos\ferriswheel\ferriswheel\ferriswheel.cpp(153): warning C4244: 'argument': conversion from 'double' to 'float', possible loss of data
c:\users\ashutosh\source\repos\ferriswheel\ferriswheel\ferriswheel.cpp(165): warning C4305: '+=': truncation from 'double' to 'float'
c:\users\ashutosh\source\repos\ferriswheel\ferriswheel\ferriswheel.cpp(166): warning C4244: 'argument': conversion from 'double' to 'GLfloat', possible loss of data
c:\users\ashutosh\source\repos\ferriswheel\ferriswheel\ferriswheel.cpp(171): warning C4305: '+=': truncation from 'double' to 'float'
c:\users\ashutosh\source\repos\ferriswheel\ferriswheel\ferriswheel.cpp(172): warning C4244: 'argument': conversion from 'double' to 'GLfloat', possible loss of data
c:\users\ashutosh\source\repos\ferriswheel\ferriswheel\ferriswheel.cpp(173): warning C4244: 'argument': conversion from 'double' to 'GLfloat', possible loss of data
c:\users\ashutosh\source\repos\ferriswheel\ferriswheel\ferriswheel.cpp(179): warning C4305: '+=': truncation from 'double' to 'float'
c:\users\ashutosh\source\repos\ferriswheel\ferriswheel\ferriswheel.cpp(180): warning C4244: 'argument': conversion from 'double' to 'GLfloat', possible loss of data
c:\users\ashutosh\source\repos\ferriswheel\ferriswheel\ferriswheel.cpp(187): warning C4305: 'argument': truncation from 'double' to 'GLfloat'
c:\users\ashutosh\source\repos\ferriswheel\ferriswheel\ferriswheel.cpp(198): warning C4305: 'argument': truncation from 'double' to 'GLfloat'
c:\users\ashutosh\source\repos\ferriswheel\ferriswheel\ferriswheel.cpp(211): warning C4244: '=': conversion from 'double' to 'GLfloat', possible loss of data
c:\users\ashutosh\source\repos\ferriswheel\ferriswheel\ferriswheel.cpp(215): warning C4305: 'argument': truncation from 'double' to 'GLfloat'
c:\users\ashutosh\source\repos\ferriswheel\ferriswheel\ferriswheel.cpp(224): warning C4305: 'argument': truncation from 'double' to 'GLfloat'
c:\users\ashutosh\source\repos\ferriswheel\ferriswheel\ferriswheel.cpp(240): warning C4305: 'argument': truncation from 'double' to 'GLfloat'
c:\users\ashutosh\source\repos\ferriswheel\ferriswheel\ferriswheel.cpp(248): warning C4305: 'argument': truncation from 'double' to 'GLfloat'
c:\users\ashutosh\source\repos\ferriswheel\ferriswheel\ferriswheel.cpp(256): warning C4305: 'argument': truncation from 'double' to 'GLfloat'
c:\users\ashutosh\source\repos\ferriswheel\ferriswheel\ferriswheel.cpp(264): warning C4305: 'argument': truncation from 'double' to 'GLfloat'
c:\users\ashutosh\source\repos\ferriswheel\ferriswheel\ferriswheel.cpp(287): warning C4305: 'argument': truncation from 'double' to 'GLfloat'
c:\users\ashutosh\source\repos\ferriswheel\ferriswheel\ferriswheel.cpp(294): warning C4305: 'argument': truncation from 'double' to 'GLfloat'
c:\users\ashutosh\source\repos\ferriswheel\ferriswheel\ferriswheel.cpp(301): warning C4305: 'argument': truncation from 'double' to 'GLfloat'
c:\users\ashutosh\source\repos\ferriswheel\ferriswheel\ferriswheel.cpp(308): warning C4305: 'argument': truncation from 'double' to 'GLfloat'
c:\users\ashutosh\source\repos\ferriswheel\ferriswheel\ferriswheel.cpp(318): warning C4305: 'argument': truncation from 'double' to 'GLclampf'
c:\users\ashutosh\source\repos\ferriswheel\ferriswheel\ferriswheel.cpp(389): warning C4244: '=': conversion from 'double' to 'GLfloat', possible loss of data
c:\users\ashutosh\source\repos\ferriswheel\ferriswheel\ferriswheel.cpp(393): warning C4244: '=': conversion from 'double' to 'GLfloat', possible loss of data
  FerrisWheel.vcxproj -> C:\Users\Ashutosh\source\repos\FerrisWheel\Debug\FerrisWheel.exe
